[LOG File]
[Sun 29 Mar 00:13:08 CET 2026] Starting CD rip...
No audio CD detected
[Sun 29 Mar 00:14:20 CET 2026] Starting CD rip...
No audio CD detected
[Sun 29 Mar 00:17:42 CET 2026] Starting CD rip...
[Sun 29 Mar 00:21:17 CET 2026] Starting CD rip...
[Sun 29 Mar 00:21:31 CET 2026] Done.
[Sun 29 Mar 00:42:44 CET 2026] Starting CD rip...
[Sun 29 Mar 00:42:56 CET 2026] Done.
[Sun 29 Mar 00:46:32 CET 2026] Starting CD rip...
[Sun 29 Mar 00:46:45 CET 2026] Done.
[Sun 29 Mar 00:49:56 CET 2026] Starting CD rip...
[Sun 29 Mar 00:50:08 CET 2026] Done.
[Sun 29 Mar 00:51:17 CET 2026] Starting CD rip...
[Sun 29 Mar 00:51:30 CET 2026] Done.
[Sun 29 Mar 00:55:32 CET 2026] Starting CD rip...
[Sun 29 Mar 01:02:39 CET 2026] Done.
[Sun 29 Mar 01:05:25 CET 2026] Starting CD rip...
[Sun 29 Mar 01:14:35 CET 2026] Done.
[Sun 29 Mar 01:22:14 CET 2026] Starting CD rip...
[Sun 29 Mar 01:32:04 CET 2026] Done.
[Sun 29 Mar 01:40:14 CET 2026] Starting CD rip...
[Sun 29 Mar 01:41:10 CET 2026] Done.
[Sun 29 Mar 03:55:47 CEST 2026] Starting CD rip...
[Sun 29 Mar 04:05:34 CEST 2026] Done.
[Sun 29 Mar 04:11:01 CEST 2026] Starting CD rip...
